<?xml version="1.0" encoding="UTF-8"?>
<!-- Generated by org.testng.reporters.JUnitReportReporter -->
<testsuite name="com.csr.testsuites.FindCustomerTestSuite" tests="11" time="0.068" ignored="0" failures="0" timestamp="22 Apr 2021 00:43:54 GMT" skipped="9" hostname="CV-ST1480" errors="2">
  <testcase name="verify_validations" time="0.015" classname="com.csr.testsuites.FindCustomerTestSuite">
    <skipped/>
  </testcase> <!-- verify_validations -->
  <testcase name="verify_validations" time="0.006" classname="com.csr.testsuites.FindCustomerTestSuite">
    <skipped/>
  </testcase> <!-- verify_validations -->
  <testcase name="verify_validations" time="0.015" classname="com.csr.testsuites.FindCustomerTestSuite">
    <skipped/>
  </testcase> <!-- verify_validations -->
  <testcase name="verify_validations" time="0.000" classname="com.csr.testsuites.FindCustomerTestSuite">
    <skipped/>
  </testcase> <!-- verify_validations -->
  <testcase name="verify_validations_NonAddressFields" time="0.000" classname="com.csr.testsuites.FindCustomerTestSuite">
    <skipped/>
  </testcase> <!-- verify_validations_NonAddressFields -->
  <testcase name="verify_validations" time="0.016" classname="com.csr.testsuites.FindCustomerTestSuite">
    <skipped/>
  </testcase> <!-- verify_validations -->
  <testcase name="tearDown" time="0.000" classname="com.csr.testsuites.FindCustomerTestSuite">
    <error type="java.lang.NullPointerException">
      <![CDATA[java.lang.NullPointerException
	at com.csr.base.DriverFactory.closeBrowser(DriverFactory.java:40)
	at com.csr.base.TestBase.tearDown(TestBase.java:51)
	at sun.reflect.NativeMethodAccessorImpl.invoke0(Native Method)
	at sun.reflect.NativeMethodAccessorImpl.invoke(NativeMethodAccessorImpl.java:62)
	at sun.reflect.DelegatingMethodAccessorImpl.invoke(DelegatingMethodAccessorImpl.java:43)
	at java.lang.reflect.Method.invoke(Method.java:497)
	at org.testng.internal.MethodInvocationHelper.invokeMethod(MethodInvocationHelper.java:104)
	at org.testng.internal.Invoker.invokeConfigurationMethod(Invoker.java:515)
	at org.testng.internal.Invoker.invokeConfigurations(Invoker.java:217)
	at org.testng.internal.Invoker.invokeConfigurations(Invoker.java:144)
	at org.testng.TestRunner.afterRun(TestRunner.java:983)
	at org.testng.TestRunner.run(TestRunner.java:614)
	at org.testng.SuiteRunner.runTest(SuiteRunner.java:387)
	at org.testng.SuiteRunner.runSequentially(SuiteRunner.java:382)
	at org.testng.SuiteRunner.privateRun(SuiteRunner.java:340)
	at org.testng.SuiteRunner.run(SuiteRunner.java:289)
	at org.testng.SuiteRunnerWorker.runSuite(SuiteRunnerWorker.java:52)
	at org.testng.SuiteRunnerWorker.run(SuiteRunnerWorker.java:86)
	at org.testng.TestNG.runSuitesSequentially(TestNG.java:1293)
	at org.testng.TestNG.runSuitesLocally(TestNG.java:1218)
	at org.testng.TestNG.runSuites(TestNG.java:1133)
	at org.testng.TestNG.run(TestNG.java:1104)
	at org.testng.remote.AbstractRemoteTestNG.run(AbstractRemoteTestNG.java:114)
	at org.testng.remote.RemoteTestNG.initAndRun(RemoteTestNG.java:251)
	at org.testng.remote.RemoteTestNG.main(RemoteTestNG.java:77)
]]>
    </error>
  </testcase> <!-- tearDown -->
  <testcase name="verify_addressFields_Verifications" time="0.000" classname="com.csr.testsuites.FindCustomerTestSuite">
    <skipped/>
  </testcase> <!-- verify_addressFields_Verifications -->
  <testcase name="verify_validations" time="0.000" classname="com.csr.testsuites.FindCustomerTestSuite">
    <skipped/>
  </testcase> <!-- verify_validations -->
  <testcase name="verify_validations" time="0.016" classname="com.csr.testsuites.FindCustomerTestSuite">
    <skipped/>
  </testcase> <!-- verify_validations -->
  <testcase name="launchApplication" time="0.000" classname="com.csr.testsuites.FindCustomerTestSuite">
    <error type="org.openqa.selenium.SessionNotCreatedException" message="session not created: This version of ChromeDriver only supports Chrome version 88
Current browser version is 90.0.4430.85 with binary path C:\Program Files (x86)\Google\Chrome\Application\chrome.exe
Build info: version: &#039;3.14.0&#039;, revision: &#039;aacccce0&#039;, time: &#039;2018-08-02T20:19:58.91Z&#039;
System info: host: &#039;CV-ST1480&#039;, ip: &#039;172.17.0.187&#039;, os.name: &#039;Windows 8.1&#039;, os.arch: &#039;amd64&#039;, os.version: &#039;6.3&#039;, java.version: &#039;1.8.0_51&#039;
Driver info: driver.version: ChromeDriver
remote stacktrace: Backtrace:
	GetHandleVerifier [0x009EB963+483]
	GetHandleVerifier [0x009EB941+449]
	GetHandleVerifier [0x00D93308+3832712]
	GetHandleVerifier [0x00DAD69A+3940122]
	GetHandleVerifier [0x00DA9AFB+3924859]
	GetHandleVerifier [0x00DA7D9C+3917340]
	GetHandleVerifier [0x00DCE7FE+4075646]
	GetHandleVerifier [0x00DCE56C+4074988]
	GetHandleVerifier [0x00DCB2EB+4062059]
	GetHandleVerifier [0x00DAED14+3945876]
	GetHandleVerifier [0x00DAFBCE+3949646]
	GetHandleVerifier [0x00DAFB59+3949529]
	Ordinal0 [0x009AB5CC+46540]
	Ordinal0 [0x009A9F53+40787]
	Ordinal0 [0x009A9B12+39698]
	GetHandleVerifier [0x00CB1468+2907368]
	GetHandleVerifier [0x00AF71EE+1096302]
	GetHandleVerifier [0x00AB3E8D+821005]
	GetHandleVerifier [0x00AB396B+819691]
	GetHandleVerifier [0x00AB3881+819457]
	GetHandleVerifier [0x00ADF463+998627]
	BaseThreadInitThunk [0x756F0419+25]
	RtlGetAppContainerNamedObjectPath [0x76F974ED+237]
	RtlGetAppContainerNamedObjectPath [0x76F974BD+189]
">
      <![CDATA[org.openqa.selenium.SessionNotCreatedException: session not created: This version of ChromeDriver only supports Chrome version 88
Current browser version is 90.0.4430.85 with binary path C:\Program Files (x86)\Google\Chrome\Application\chrome.exe
Build info: version: '3.14.0', revision: 'aacccce0', time: '2018-08-02T20:19:58.91Z'
System info: host: 'CV-ST1480', ip: '172.17.0.187', os.name: 'Windows 8.1', os.arch: 'amd64', os.version: '6.3', java.version: '1.8.0_51'
Driver info: driver.version: ChromeDriver
remote stacktrace: Backtrace:
	GetHandleVerifier [0x009EB963+483]
	GetHandleVerifier [0x009EB941+449]
	GetHandleVerifier [0x00D93308+3832712]
	GetHandleVerifier [0x00DAD69A+3940122]
	GetHandleVerifier [0x00DA9AFB+3924859]
	GetHandleVerifier [0x00DA7D9C+3917340]
	GetHandleVerifier [0x00DCE7FE+4075646]
	GetHandleVerifier [0x00DCE56C+4074988]
	GetHandleVerifier [0x00DCB2EB+4062059]
	GetHandleVerifier [0x00DAED14+3945876]
	GetHandleVerifier [0x00DAFBCE+3949646]
	GetHandleVerifier [0x00DAFB59+3949529]
	Ordinal0 [0x009AB5CC+46540]
	Ordinal0 [0x009A9F53+40787]
	Ordinal0 [0x009A9B12+39698]
	GetHandleVerifier [0x00CB1468+2907368]
	GetHandleVerifier [0x00AF71EE+1096302]
	GetHandleVerifier [0x00AB3E8D+821005]
	GetHandleVerifier [0x00AB396B+819691]
	GetHandleVerifier [0x00AB3881+819457]
	GetHandleVerifier [0x00ADF463+998627]
	BaseThreadInitThunk [0x756F0419+25]
	RtlGetAppContainerNamedObjectPath [0x76F974ED+237]
	RtlGetAppContainerNamedObjectPath [0x76F974BD+189]

	at sun.reflect.NativeConstructorAccessorImpl.newInstance0(Native Method)
	at sun.reflect.NativeConstructorAccessorImpl.newInstance(NativeConstructorAccessorImpl.java:62)
	at sun.reflect.DelegatingConstructorAccessorImpl.newInstance(DelegatingConstructorAccessorImpl.java:45)
	at java.lang.reflect.Constructor.newInstance(Constructor.java:422)
	at org.openqa.selenium.remote.W3CHandshakeResponse.lambda$new$0(W3CHandshakeResponse.java:57)
	at org.openqa.selenium.remote.W3CHandshakeResponse$$Lambda$190/2087785333.apply(Unknown Source)
	at org.openqa.selenium.remote.W3CHandshakeResponse.lambda$getResponseFunction$2(W3CHandshakeResponse.java:104)
	at org.openqa.selenium.remote.W3CHandshakeResponse$$Lambda$192/1526970878.apply(Unknown Source)
	at org.openqa.selenium.remote.ProtocolHandshake.lambda$createSession$0(ProtocolHandshake.java:122)
	at org.openqa.selenium.remote.ProtocolHandshake$$Lambda$193/1128948651.apply(Unknown Source)
	at java.util.stream.ReferencePipeline$3$1.accept(ReferencePipeline.java:193)
	at java.util.Spliterators$ArraySpliterator.tryAdvance(Spliterators.java:958)
	at java.util.stream.ReferencePipeline.forEachWithCancel(ReferencePipeline.java:126)
	at java.util.stream.AbstractPipeline.copyIntoWithCancel(AbstractPipeline.java:529)
	at java.util.stream.AbstractPipeline.copyInto(AbstractPipeline.java:516)
	at java.util.stream.AbstractPipeline.wrapAndCopyInto(AbstractPipeline.java:502)
	at java.util.stream.FindOps$FindOp.evaluateSequential(FindOps.java:152)
	at java.util.stream.AbstractPipeline.evaluate(AbstractPipeline.java:234)
	at java.util.stream.ReferencePipeline.findFirst(ReferencePipeline.java:464)
	at org.openqa.selenium.remote.ProtocolHandshake.createSession(ProtocolHandshake.java:125)
	at org.openqa.selenium.remote.ProtocolHandshake.createSession(ProtocolHandshake.java:73)
	at org.openqa.selenium.remote.HttpCommandExecutor.execute(HttpCommandExecutor.java:136)
	at org.openqa.selenium.remote.service.DriverCommandExecutor.execute(DriverCommandExecutor.java:83)
	at org.openqa.selenium.remote.RemoteWebDriver.execute(RemoteWebDriver.java:548)
	at org.openqa.selenium.remote.RemoteWebDriver.startSession(RemoteWebDriver.java:212)
	at org.openqa.selenium.remote.RemoteWebDriver.<init>(RemoteWebDriver.java:130)
	at org.openqa.selenium.chrome.ChromeDriver.<init>(ChromeDriver.java:181)
	at org.openqa.selenium.chrome.ChromeDriver.<init>(ChromeDriver.java:168)
	at org.openqa.selenium.chrome.ChromeDriver.<init>(ChromeDriver.java:123)
	at com.csr.base.BrowserFactory.createInstance(BrowserFactory.java:45)
	at com.csr.base.TestBase.launchApplication(TestBase.java:27)
	at sun.reflect.NativeMethodAccessorImpl.invoke0(Native Method)
	at sun.reflect.NativeMethodAccessorImpl.invoke(NativeMethodAccessorImpl.java:62)
	at sun.reflect.DelegatingMethodAccessorImpl.invoke(DelegatingMethodAccessorImpl.java:43)
	at java.lang.reflect.Method.invoke(Method.java:497)
	at org.testng.internal.MethodInvocationHelper.invokeMethod(MethodInvocationHelper.java:104)
	at org.testng.internal.Invoker.invokeConfigurationMethod(Invoker.java:515)
	at org.testng.internal.Invoker.invokeConfigurations(Invoker.java:217)
	at org.testng.internal.Invoker.invokeConfigurations(Invoker.java:144)
	at org.testng.TestRunner.beforeRun(TestRunner.java:634)
	at org.testng.TestRunner.run(TestRunner.java:602)
	at org.testng.SuiteRunner.runTest(SuiteRunner.java:387)
	at org.testng.SuiteRunner.runSequentially(SuiteRunner.java:382)
	at org.testng.SuiteRunner.privateRun(SuiteRunner.java:340)
	at org.testng.SuiteRunner.run(SuiteRunner.java:289)
	at org.testng.SuiteRunnerWorker.runSuite(SuiteRunnerWorker.java:52)
	at org.testng.SuiteRunnerWorker.run(SuiteRunnerWorker.java:86)
	at org.testng.TestNG.runSuitesSequentially(TestNG.java:1293)
	at org.testng.TestNG.runSuitesLocally(TestNG.java:1218)
	at org.testng.TestNG.runSuites(TestNG.java:1133)
	at org.testng.TestNG.run(TestNG.java:1104)
	at org.testng.remote.AbstractRemoteTestNG.run(AbstractRemoteTestNG.java:114)
	at org.testng.remote.RemoteTestNG.initAndRun(RemoteTestNG.java:251)
	at org.testng.remote.RemoteTestNG.main(RemoteTestNG.java:77)
]]>
    </error>
  </testcase> <!-- launchApplication -->
</testsuite> <!-- com.csr.testsuites.FindCustomerTestSuite -->
